<?xml version="1.0" encoding="UTF-8"?>
<!-- Generated by org.testng.reporters.JUnitXMLReporter -->
<testsuite ignored="3" hostname="OJUSPUSHPARAJ" failures="0" tests="1" name="ChromeTest" time="8.586" errors="0" timestamp="2024-12-04T13:14:56 IST">
  <testcase classname="testscripts.LoginTest" name="verifyUserAbleToLoginWithValidUsernameAndValidPassword" time="2.528"/>
  <testcase classname="testscripts.LoginTest" name="userAbleToLoginWithInvalidPassword" time="0.0">
    <ignored/>
  </testcase> <!-- userAbleToLoginWithInvalidPassword -->
  <testcase classname="testscripts.LoginTest" name="verifyUserAbleToLoginWithInvalidUsernameAndInvalidPassword" time="0.0">
    <ignored/>
  </testcase> <!-- verifyUserAbleToLoginWithInvalidUsernameAndInvalidPassword -->
  <testcase classname="testscripts.LoginTest" name="verifyUserAbleTologinWithInvalidUsername" time="0.0">
    <ignored/>
  </testcase> <!-- verifyUserAbleTologinWithInvalidUsername -->
</testsuite> <!-- ChromeTest -->
