<?xml version="1.0" encoding="UTF-8"?>
<!-- Generated by org.testng.reporters.JUnitXMLReporter -->
<testsuite ignored="3" hostname="OJUSPUSHPARAJ" failures="0" tests="1" name="Test" time="12.059" errors="0" timestamp="2024-12-11T07:26:09 IST">
  <testcase classname="testscripts.LoginTest" name="verifyUserAbleToLoginWithValidUsernameAndValidPassword" time="4.01"/>
  <testcase classname="testscripts.LoginTest" name="userAbleToLoginWithInvalidPassword" time="0.0">
    <ignored/>
  </testcase> <!-- userAbleToLoginWithInvalidPassword -->
  <testcase classname="testscripts.LoginTest" name="verifyUserAbleToLoginWithInvalidUsernameAndInvalidPassword" time="0.0">
    <ignored/>
  </testcase> <!-- verifyUserAbleToLoginWithInvalidUsernameAndInvalidPassword -->
  <testcase classname="testscripts.LoginTest" name="verifyUserAbleTologinWithInvalidUsername" time="0.0">
    <ignored/>
  </testcase> <!-- verifyUserAbleTologinWithInvalidUsername -->
</testsuite> <!-- Test -->
