<?xml version="1.0" encoding="UTF-8"?>
<testng-results ignored="0" total="1" passed="1" failed="0" skipped="0">
  <reporter-output>
  </reporter-output>
  <suite started-at="2024-12-11T07:25:56 IST" name="Suite" finished-at="2024-12-11T07:26:08 IST" duration-ms="12059">
    <groups>
      <group name="regression">
        <method signature="LoginTest.verifyUserAbleToLoginWithValidUsernameAndValidPassword()[pri:1, instance:testscripts.LoginTest@71812481]" name="verifyUserAbleToLoginWithValidUsernameAndValidPassword" class="testscripts.LoginTest"/>
      </group> <!-- regression -->
      <group name="smoke">
        <method signature="LoginTest.verifyUserAbleToLoginWithValidUsernameAndValidPassword()[pri:1, instance:testscripts.LoginTest@71812481]" name="verifyUserAbleToLoginWithValidUsernameAndValidPassword" class="testscripts.LoginTest"/>
      </group> <!-- smoke -->
    </groups>
    <test started-at="2024-12-11T07:25:56 IST" name="Test" finished-at="2024-12-11T07:26:08 IST" duration-ms="12059">
      <class name="testscripts.LoginTest">
        <test-method is-config="true" signature="initializeBrowser(java.lang.String)[pri:0, instance:testscripts.LoginTest@71812481]" started-at="2024-12-11T07:25:56 IST" name="initializeBrowser" finished-at="2024-12-11T07:26:03 IST" duration-ms="7209" status="PASS">
          <params>
            <param index="0">
              <value>
                <![CDATA[Chrome]]>
              </value>
            </param>
          </params>
          <reporter-output>
          </reporter-output>
        </test-method> <!-- initializeBrowser -->
        <test-method signature="verifyUserAbleToLoginWithValidUsernameAndValidPassword()[pri:1, instance:testscripts.LoginTest@71812481]" started-at="2024-12-11T07:26:03 IST" name="verifyUserAbleToLoginWithValidUsernameAndValidPassword" description="this is for successfull login" finished-at="2024-12-11T07:26:07 IST" duration-ms="4010" status="PASS">
          <reporter-output>
          </reporter-output>
        </test-method> <!-- verifyUserAbleToLoginWithValidUsernameAndValidPassword -->
        <test-method is-config="true" signature="driverQuit(org.testng.ITestResult)[pri:0, instance:testscripts.LoginTest@71812481]" started-at="2024-12-11T07:26:07 IST" name="driverQuit" finished-at="2024-12-11T07:26:08 IST" duration-ms="751" status="PASS">
          <params>
            <param index="0">
              <value>
                <![CDATA[[TestResult name=verifyUserAbleToLoginWithValidUsernameAndValidPassword status=SUCCESS method=LoginTest.verifyUserAbleToLoginWithValidUsernameAndValidPassword()[pri:1, instance:testscripts.LoginTest@71812481] output={null}]]]>
              </value>
            </param>
          </params>
          <reporter-output>
          </reporter-output>
        </test-method> <!-- driverQuit -->
      </class> <!-- testscripts.LoginTest -->
    </test> <!-- Test -->
  </suite> <!-- Suite -->
</testng-results>
