<?xml version="1.0" encoding="UTF-8"?>
<testng-results ignored="0" total="1" passed="1" failed="0" skipped="0">
  <reporter-output>
  </reporter-output>
  <suite started-at="2024-12-12T12:06:55 IST" name="Suite" finished-at="2024-12-12T12:07:16 IST" duration-ms="20185">
    <groups>
      <group name="smoke">
        <method signature="SubCategoryTest.verifyUserAbleToEditAndViewOnSubCategoryList()[pri:0, instance:testscripts.SubCategoryTest@74d1dc36]" name="verifyUserAbleToEditAndViewOnSubCategoryList" class="testscripts.SubCategoryTest"/>
      </group> <!-- smoke -->
    </groups>
    <test started-at="2024-12-12T12:06:55 IST" name="Test" finished-at="2024-12-12T12:07:16 IST" duration-ms="20185">
      <class name="testscripts.SubCategoryTest">
        <test-method is-config="true" signature="initializeBrowser(java.lang.String)[pri:0, instance:testscripts.SubCategoryTest@74d1dc36]" started-at="2024-12-12T12:06:56 IST" name="initializeBrowser" finished-at="2024-12-12T12:07:04 IST" duration-ms="8387" status="PASS">
          <params>
            <param index="0">
              <value>
                <![CDATA[Chrome]]>
              </value>
            </param>
          </params>
          <reporter-output>
          </reporter-output>
        </test-method> <!-- initializeBrowser -->
        <test-method signature="verifyUserAbleToEditAndViewOnSubCategoryList()[pri:0, instance:testscripts.SubCategoryTest@74d1dc36]" started-at="2024-12-12T12:07:04 IST" name="verifyUserAbleToEditAndViewOnSubCategoryList" description="to verify user able to edit and view sub category" finished-at="2024-12-12T12:07:13 IST" duration-ms="9267" status="PASS">
          <reporter-output>
          </reporter-output>
        </test-method> <!-- verifyUserAbleToEditAndViewOnSubCategoryList -->
        <test-method is-config="true" signature="driverQuit(org.testng.ITestResult)[pri:0, instance:testscripts.SubCategoryTest@74d1dc36]" started-at="2024-12-12T12:07:13 IST" name="driverQuit" finished-at="2024-12-12T12:07:16 IST" duration-ms="2447" status="PASS">
          <params>
            <param index="0">
              <value>
                <![CDATA[[TestResult name=verifyUserAbleToEditAndViewOnSubCategoryList status=SUCCESS method=SubCategoryTest.verifyUserAbleToEditAndViewOnSubCategoryList()[pri:0, instance:testscripts.SubCategoryTest@74d1dc36] output={null}]]]>
              </value>
            </param>
          </params>
          <reporter-output>
          </reporter-output>
        </test-method> <!-- driverQuit -->
      </class> <!-- testscripts.SubCategoryTest -->
    </test> <!-- Test -->
  </suite> <!-- Suite -->
</testng-results>
